\BOOKMARK [0][-]{chapter.1}{\376\377\000W\000p\000r\000o\000w\000a\000d\000z\000e\000n\000i\000e}{}% 1
\BOOKMARK [1][-]{section.1.1}{\376\377\000M\000o\000t\000y\000w\000a\000c\000j\000a\000\040\000i\000\040\000p\000r\000o\000b\000l\000e\000m\000\040\000b\000a\000d\000a\000w\000c\000z\000y}{chapter.1}% 2
\BOOKMARK [1][-]{section.1.2}{\376\377\000P\000y\000t\000a\000n\000i\000a\000\040\000b\000a\000d\000a\000w\000c\000z\000e}{chapter.1}% 3
\BOOKMARK [1][-]{section.1.3}{\376\377\000C\000e\000l\000e\000\040\000b\000a\000d\000a\000w\000c\000z\000e}{chapter.1}% 4
\BOOKMARK [1][-]{section.1.4}{\376\377\000Z\000a\000k\000r\000e\000s\000\040\000i\000\040\000o\000g\000r\000a\000n\000i\000c\000z\000e\000n\000i\000a}{chapter.1}% 5
\BOOKMARK [1][-]{section.1.5}{\376\377\000S\000t\000r\000u\000k\000t\000u\000r\000a\000\040\000p\000r\000a\000c\000y}{chapter.1}% 6
\BOOKMARK [0][-]{chapter.2}{\376\377\000P\000o\000d\000s\000t\000a\000w\000y\000\040\000t\000e\000o\000r\000e\000t\000y\000c\000z\000n\000e}{}% 7
\BOOKMARK [1][-]{section.2.1}{\376\377\000S\000y\000s\000t\000e\000m\000y\000\040\000a\000g\000e\000n\000t\000o\000w\000e}{chapter.2}% 8
\BOOKMARK [2][-]{subsection.2.1.1}{\376\377\000P\000o\000j\001\031\000c\000i\000e\000\040\000a\000g\000e\000n\000t\000a}{section.2.1}% 9
\BOOKMARK [2][-]{subsection.2.1.2}{\376\377\000K\000l\000a\000s\000y\000f\000i\000k\000a\000c\000j\000a\000\040\000a\000r\000c\000h\000i\000t\000e\000k\000t\000u\000r\000\040\000a\000g\000e\000n\000t\000o\000w\000y\000c\000h}{section.2.1}% 10
\BOOKMARK [2][-]{subsection.2.1.3}{\376\377\000A\000r\000c\000h\000i\000t\000e\000k\000t\000u\000r\000y\000\040\000j\000e\000d\000n\000o\000a\000g\000e\000n\000t\000o\000w\000e}{section.2.1}% 11
\BOOKMARK [2][-]{subsection.2.1.4}{\376\377\000A\000r\000c\000h\000i\000t\000e\000k\000t\000u\000r\000y\000\040\000w\000i\000e\000l\000o\000a\000g\000e\000n\000t\000o\000w\000e}{section.2.1}% 12
\BOOKMARK [2][-]{subsection.2.1.5}{\376\377\000I\000n\000t\000e\000r\000f\000e\000j\000s\000y\000\040\000n\000a\000r\000z\001\031\000d\000z\000i\000o\000w\000e\000\040\000a\000g\000e\000n\000t\000\363\000w}{section.2.1}% 13
\BOOKMARK [2][-]{subsection.2.1.6}{\376\377\000P\000r\000o\000t\000o\000k\000o\001\102\000y\000\040\000k\000o\000m\000u\000n\000i\000k\000a\000c\000j\000i\000\040\000a\000g\000e\000n\000t\000\363\000w}{section.2.1}% 14
\BOOKMARK [2][-]{subsection.2.1.7}{\376\377\000S\000y\000s\000t\000e\000m\000y\000\040\000p\000a\000m\000i\001\031\000c\000i\000\040\000a\000g\000e\000n\000t\000\363\000w}{section.2.1}% 15
\BOOKMARK [2][-]{subsection.2.1.8}{\376\377\000E\000w\000a\000l\000u\000a\000c\000j\000a\000\040\000a\000g\000e\000n\000t\000\363\000w}{section.2.1}% 16
\BOOKMARK [2][-]{subsection.2.1.9}{\376\377\000P\000r\000z\000e\000g\000l\001\005\000d\000\040\000i\000s\000t\000n\000i\000e\000j\001\005\000c\000y\000c\000h\000\040\001\133\000r\000o\000d\000o\000w\000i\000s\000k\000\040\000a\000g\000e\000n\000t\000o\000w\000y\000c\000h}{section.2.1}% 17
\BOOKMARK [1][-]{section.2.2}{\376\377\000G\000e\000n\000e\000r\000o\000w\000a\000n\000i\000e\000\040\000w\000s\000p\000o\000m\000a\000g\000a\000n\000e\000\040\000w\000y\000s\000z\000u\000k\000i\000w\000a\000n\000i\000e\000m}{chapter.2}% 18
\BOOKMARK [2][-]{subsection.2.2.1}{\376\377\000P\000o\000j\001\031\000c\000i\000e\000\040\000R\000A\000G}{section.2.2}% 19
\BOOKMARK [2][-]{subsection.2.2.2}{\376\377\000P\000r\000o\000b\000l\000e\000m\000\040\000h\000a\000l\000u\000c\000y\000n\000a\000c\000j\000i\000\040\000w\000\040\000m\000o\000d\000e\000l\000a\000c\000h\000\040\000j\001\031\000z\000y\000k\000o\000w\000y\000c\000h}{section.2.2}% 20
\BOOKMARK [2][-]{subsection.2.2.3}{\376\377\000P\000r\000o\000b\000l\000e\000m\000\040\000o\000k\000n\000a\000\040\000k\000o\000n\000t\000e\000k\000s\000t\000o\000w\000e\000g\000o\000\040\000w\000\040\000m\000o\000d\000e\000l\000a\000c\000h\000\040\000j\001\031\000z\000y\000k\000o\000w\000y\000c\000h}{section.2.2}% 21
\BOOKMARK [2][-]{subsection.2.2.4}{\376\377\000A\000r\000c\000h\000i\000t\000e\000k\000t\000u\000r\000y\000\040\000R\000A\000G}{section.2.2}% 22
\BOOKMARK [2][-]{subsection.2.2.5}{\376\377\000M\000e\000t\000o\000d\000y\000\040\000w\000y\000s\000z\000u\000k\000i\000w\000a\000n\000i\000a\000\040\000d\000o\000k\000u\000m\000e\000n\000t\000\363\000w}{section.2.2}% 23
\BOOKMARK [2][-]{subsection.2.2.6}{\376\377\000M\000e\000t\000o\000d\000y\000\040\000f\000r\000a\000g\000m\000e\000n\000t\000a\000c\000j\000i\000\040\000d\000o\000k\000u\000m\000e\000n\000t\000\363\000w}{section.2.2}% 24
\BOOKMARK [2][-]{subsection.2.2.7}{\376\377\000E\000w\000a\000l\000u\000a\000c\000j\000a\000\040\000R\000A\000G}{section.2.2}% 25
\BOOKMARK [2][-]{subsection.2.2.8}{\376\377\000A\000g\000e\000n\000t\000o\000w\000y\000\040\000R\000A\000G}{section.2.2}% 26
\BOOKMARK [1][-]{section.2.3}{\376\377\001\132\000r\000o\000d\000o\000w\000i\000s\000k\000o\000\040\000d\000o\000k\000u\000m\000e\000n\000t\000\363\000w\000\040\000u\000b\000e\000z\000p\000i\000e\000c\000z\000e\000n\000i\000o\000w\000y\000c\000h}{chapter.2}% 27
\BOOKMARK [2][-]{subsection.2.3.1}{\376\377\000P\000r\000z\000e\000t\000w\000a\000r\000z\000a\000n\000i\000e\000\040\000j\001\031\000z\000y\000k\000a\000\040\000n\000a\000t\000u\000r\000a\000l\000n\000e\000g\000o\000\040\000d\000l\000a\000\040\000d\000o\000k\000u\000m\000e\000n\000t\000\363\000w\000\040\000u\000b\000e\000z\000p\000i\000e\000c\000z\000e\000n\000i\000o\000w\000y\000c\000h}{section.2.3}% 28
\BOOKMARK [2][-]{subsection.2.3.2}{\376\377\000O\000g\000\363\000l\000n\000e\000\040\000W\000a\000r\000u\000n\000k\000i\000\040\000U\000b\000e\000z\000p\000i\000e\000c\000z\000e\000n\000i\000a}{section.2.3}% 29
\BOOKMARK [2][-]{subsection.2.3.3}{\376\377\000I\000n\000f\000o\000r\000m\000a\000c\000y\000j\000n\000y\000\040\000D\000o\000k\000u\000m\000e\000n\000t\000\040\000P\000r\000o\000d\000u\000k\000t\000u\000\040\000U\000b\000e\000z\000p\000i\000e\000c\000z\000e\000n\000i\000o\000w\000e\000g\000o}{section.2.3}% 30
\BOOKMARK [2][-]{subsection.2.3.4}{\376\377\000K\000l\000a\000s\000y\000f\000i\000k\000a\000c\000j\000a\000\040\000p\000y\000t\000a\001\104}{section.2.3}% 31
\BOOKMARK [1][-]{section.2.4}{\376\377\000P\000r\000z\000e\000g\000l\001\005\000d\000\040\000p\000r\000a\000c\000\040\000p\000o\000k\000r\000e\000w\000n\000y\000c\000h}{chapter.2}% 32
\BOOKMARK [2][-]{subsection.2.4.1}{\376\377\000I\000s\000t\000n\000i\000e\000j\001\005\000c\000e\000\040\000r\000o\000z\000w\000i\001\005\000z\000a\000n\000i\000a}{section.2.4}% 33
\BOOKMARK [2][-]{subsection.2.4.2}{\376\377\000L\000u\000k\000i\000\040\000b\000a\000d\000a\000w\000c\000z\000e\000\040\000i\000\040\000w\000k\001\102\000a\000d\000\040\000n\000i\000n\000i\000e\000j\000s\000z\000e\000j\000\040\000p\000r\000a\000c\000y}{section.2.4}% 34
\BOOKMARK [0][-]{chapter.3}{\376\377\000M\000e\000t\000o\000d\000o\000l\000o\000g\000i\000a}{}% 35
\BOOKMARK [1][-]{section.3.1}{\376\377\000M\000e\000t\000o\000d\000a\000\040\000b\000a\000d\000a\000w\000c\000z\000a}{chapter.3}% 36
\BOOKMARK [1][-]{section.3.2}{\376\377\000P\000r\000o\000j\000e\000k\000t\000\040\000e\000k\000s\000p\000e\000r\000y\000m\000e\000n\000t\000u}{chapter.3}% 37
\BOOKMARK [2][-]{subsection.3.2.1}{\376\377\000Z\000m\000i\000e\000n\000n\000a\000\040\000n\000i\000e\000z\000a\000l\000e\001\174\000n\000a}{section.3.2}% 38
\BOOKMARK [2][-]{subsection.3.2.2}{\376\377\000Z\000m\000i\000e\000n\000n\000e\000\040\000z\000a\000l\000e\001\174\000n\000e}{section.3.2}% 39
\BOOKMARK [2][-]{subsection.3.2.3}{\376\377\000W\000a\000r\000u\000n\000k\000i\000\040\000k\000o\000n\000t\000r\000o\000l\000o\000w\000a\000n\000e}{section.3.2}% 40
\BOOKMARK [2][-]{subsection.3.2.4}{\376\377\000P\000l\000a\000n\000\040\000p\000o\000r\000\363\000w\000n\000a\000w\000c\000z\000y}{section.3.2}% 41
\BOOKMARK [1][-]{section.3.3}{\376\377\000M\000a\000t\000e\000r\000i\000a\001\102\000\040\000b\000a\000d\000a\000w\000c\000z\000y}{chapter.3}% 42
\BOOKMARK [1][-]{section.3.4}{\376\377\000K\000r\000y\000t\000e\000r\000i\000a\000\040\000o\000c\000e\000n\000y}{chapter.3}% 43
\BOOKMARK [2][-]{subsection.3.4.1}{\376\377\000M\000i\000a\000r\000y\000\040\000i\000l\000o\001\133\000c\000i\000o\000w\000e}{section.3.4}% 44
\BOOKMARK [2][-]{subsection.3.4.2}{\376\377\000M\000i\000a\000r\000y\000\040\000j\000a\000k\000o\001\133\000c\000i\000o\000w\000e}{section.3.4}% 45
\BOOKMARK [2][-]{subsection.3.4.3}{\376\377\000P\000r\000o\000t\000o\000k\000\363\001\102\000\040\000e\000w\000a\000l\000u\000a\000c\000j\000i}{section.3.4}% 46
\BOOKMARK [1][-]{section.3.5}{\376\377\000P\000r\000o\000c\000e\000d\000u\000r\000a\000\040\000b\000a\000d\000a\000w\000c\000z\000a}{chapter.3}% 47
\BOOKMARK [2][-]{subsection.3.5.1}{\376\377\000E\000t\000a\000p\000y\000\040\000e\000k\000s\000p\000e\000r\000y\000m\000e\000n\000t\000u}{section.3.5}% 48
\BOOKMARK [2][-]{subsection.3.5.2}{\376\377\000A\000n\000a\000l\000i\000z\000a\000\040\000i\000l\000o\001\133\000c\000i\000o\000w\000a}{section.3.5}% 49
\BOOKMARK [2][-]{subsection.3.5.3}{\376\377\000A\000n\000a\000l\000i\000z\000a\000\040\000j\000a\000k\000o\001\133\000c\000i\000o\000w\000a}{section.3.5}% 50
\BOOKMARK [2][-]{subsection.3.5.4}{\376\377\000P\000e\000r\000s\000p\000e\000k\000t\000y\000w\000a\000\040\000p\000r\000o\000d\000u\000k\000c\000y\000j\000n\000a}{section.3.5}% 51
\BOOKMARK [1][-]{section.3.6}{\376\377\000O\000d\000t\000w\000a\000r\000z\000a\000l\000n\000o\001\133\001\007}{chapter.3}% 52
\BOOKMARK [0][-]{chapter.4}{\376\377\000I\000m\000p\000l\000e\000m\000e\000n\000t\000a\000c\000j\000a}{}% 53
\BOOKMARK [1][-]{section.4.1}{\376\377\000S\000t\000o\000s\000\040\000t\000e\000c\000h\000n\000o\000l\000o\000g\000i\000c\000z\000n\000y}{chapter.4}% 54
\BOOKMARK [1][-]{section.4.2}{\376\377\000A\000r\000c\000h\000i\000t\000e\000k\000t\000u\000r\000a\000\040\000m\000o\000d\000u\001\102\000o\000w\000a\000\040\000s\000y\000s\000t\000e\000m\000u}{chapter.4}% 55
\BOOKMARK [1][-]{section.4.3}{\376\377\000E\000l\000e\000m\000e\000n\000t\000y\000\040\000a\000r\000c\000h\000i\000t\000e\000k\000t\000u\000r\000y\000\040\000w\000s\000p\000\363\001\102\000d\000z\000i\000e\000l\000o\000n\000e}{chapter.4}% 56
\BOOKMARK [2][-]{subsection.4.3.1}{\376\377\000S\000t\000a\000n\000\040\000g\000r\000a\000f\000u}{section.4.3}% 57
\BOOKMARK [2][-]{subsection.4.3.2}{\376\377\000K\000o\000n\000f\000i\000g\000u\000r\000a\000c\000j\000a\000\040\000u\000r\000u\000c\000h\000o\000m\000i\000e\000n\000i\000o\000w\000a}{section.4.3}% 58
\BOOKMARK [2][-]{subsection.4.3.3}{\376\377\000S\000c\000h\000e\000m\000a\000t\000y\000\040\000w\000y\000j\001\133\001\007\000\040\000s\000t\000r\000u\000k\000t\000u\000r\000a\000l\000n\000y\000c\000h}{section.4.3}% 59
\BOOKMARK [2][-]{subsection.4.3.4}{\376\377\000R\000e\000j\000e\000s\000t\000r\000\040\000n\000a\000r\000z\001\031\000d\000z\000i\000\040\000i\000\040\000f\000a\000b\000r\000y\000k\000a\000\040\000g\000r\000a\000f\000\363\000w}{section.4.3}% 60
\BOOKMARK [1][-]{section.4.4}{\376\377\000I\000m\000p\000l\000e\000m\000e\000n\000t\000a\000c\000j\000a\000\040\000p\000r\000o\000m\000p\000t\000\363\000w}{chapter.4}% 61
\BOOKMARK [2][-]{subsection.4.4.1}{\376\377\000P\000r\000o\000m\000p\000t\000\040\000e\000k\000s\000t\000r\000a\000k\000c\000y\000j\000n\000y}{section.4.4}% 62
\BOOKMARK [2][-]{subsection.4.4.2}{\376\377\000P\000r\000o\000m\000p\000t\000y\000\040\000s\000t\000r\000u\000k\000t\000u\000r\000a\000l\000n\000e}{section.4.4}% 63
\BOOKMARK [2][-]{subsection.4.4.3}{\376\377\000P\000r\000o\000m\000p\000t\000y\000\040\000o\000d\000p\000o\000w\000i\000e\000d\000z\000i\000o\000w\000e}{section.4.4}% 64
\BOOKMARK [2][-]{subsection.4.4.4}{\376\377\000P\000r\000o\000m\000p\000t\000y\000\040\000e\000w\000a\000l\000u\000a\000c\000y\000j\000n\000e}{section.4.4}% 65
\BOOKMARK [1][-]{section.4.5}{\376\377\000I\000m\000p\000l\000e\000m\000e\000n\000t\000a\000c\000j\000a\000\040\000n\000a\000r\000z\001\031\000d\000z\000i}{chapter.4}% 66
\BOOKMARK [2][-]{subsection.4.5.1}{\376\377\000P\000a\000r\000s\000e\000r\000\040\000p\000y\000t\000a\000n\000i\000a}{section.4.5}% 67
\BOOKMARK [2][-]{subsection.4.5.2}{\376\377\000P\000r\000z\000e\000p\000i\000s\000y\000w\000a\000n\000i\000e\000\040\000z\000a\000p\000y\000t\000a\000n\000i\000a}{section.4.5}% 68
\BOOKMARK [2][-]{subsection.4.5.3}{\376\377\000W\000y\000s\000z\000u\000k\000i\000w\000a\000n\000i\000e}{section.4.5}% 69
\BOOKMARK [2][-]{subsection.4.5.4}{\376\377\000P\000o\000n\000o\000w\000n\000e\000\040\000s\000z\000e\000r\000e\000g\000o\000w\000a\000n\000i\000e}{section.4.5}% 70
\BOOKMARK [2][-]{subsection.4.5.5}{\376\377\000S\000e\000l\000e\000k\000t\000o\000r\000\040\000d\000o\000w\000o\000d\000\363\000w}{section.4.5}% 71
\BOOKMARK [2][-]{subsection.4.5.6}{\376\377\000G\000e\000n\000e\000r\000a\000t\000o\000r\000\040\000c\000y\000t\000o\000w\000a\001\104}{section.4.5}% 72
\BOOKMARK [2][-]{subsection.4.5.7}{\376\377\000S\000e\000l\000e\000k\000t\000o\000r\000\040\000p\000r\000o\000m\000p\000t\000u}{section.4.5}% 73
\BOOKMARK [2][-]{subsection.4.5.8}{\376\377\000S\000y\000n\000t\000e\000z\000a\000t\000o\000r\000\040\000o\000d\000p\000o\000w\000i\000e\000d\000z\000i}{section.4.5}% 74
\BOOKMARK [1][-]{section.4.6}{\376\377\000I\000m\000p\000l\000e\000m\000e\000n\000t\000a\000c\000j\000a\000\040\000a\000r\000c\000h\000i\000t\000e\000k\000t\000u\000r\000\040\000a\000g\000e\000n\000t\000o\000w\000y\000c\000h}{chapter.4}% 75
\BOOKMARK [2][-]{subsection.4.6.1}{\376\377\000A\000r\000c\000h\000i\000t\000e\000k\000t\000u\000r\000a\000\040\000d\000e\000t\000e\000r\000m\000i\000n\000i\000s\000t\000y\000c\000z\000n\000a}{section.4.6}% 76
\BOOKMARK [2][-]{subsection.4.6.2}{\376\377\000A\000r\000c\000h\000i\000t\000e\000k\000t\000u\000r\000a\000\040\000p\000l\000a\000n\000e\000r\040\023\000w\000y\000k\000o\000n\000a\000w\000c\000a}{section.4.6}% 77
\BOOKMARK [2][-]{subsection.4.6.3}{\376\377\000A\000r\000c\000h\000i\000t\000e\000k\000t\000u\000r\000a\000\040\000r\000o\000u\000t\000e\000r\040\023\000s\000p\000e\000c\000j\000a\000l\000i\000s\000t\000a}{section.4.6}% 78
\BOOKMARK [2][-]{subsection.4.6.4}{\376\377\000A\000r\000c\000h\000i\000t\000e\000k\000t\000u\000r\000a\000\040\000t\000a\000b\000l\000i\000c\000o\000w\000a}{section.4.6}% 79
\BOOKMARK [2][-]{subsection.4.6.5}{\376\377\000A\000r\000c\000h\000i\000t\000e\000k\000t\000u\000r\000a\000\040\000h\000i\000e\000r\000a\000r\000c\000h\000i\000c\000z\000n\000a}{section.4.6}% 80
\BOOKMARK [2][-]{subsection.4.6.6}{\376\377\000A\000r\000c\000h\000i\000t\000e\000k\000t\000u\000r\000a\000\040\000R\000e\000A\000c\000t}{section.4.6}% 81
\BOOKMARK [1][-]{section.4.7}{\376\377\000P\000r\000o\000t\000o\000k\000\363\001\102\000\040\000p\000r\000z\000e\000t\000w\000a\000r\000z\000a\000n\000i\000a\000\040\000d\000o\000k\000u\000m\000e\000n\000t\000\363\000w}{chapter.4}% 82
\BOOKMARK [2][-]{subsection.4.7.1}{\376\377\000E\000k\000s\000t\000r\000a\000k\000c\000j\000a}{section.4.7}% 83
\BOOKMARK [2][-]{subsection.4.7.2}{\376\377\000F\000r\000a\000g\000m\000e\000n\000t\000a\000c\000j\000a}{section.4.7}% 84
\BOOKMARK [2][-]{subsection.4.7.3}{\376\377\000I\000n\000d\000e\000k\000s\000o\000w\000a\000n\000i\000e}{section.4.7}% 85
\BOOKMARK [1][-]{section.4.8}{\376\377\000I\000n\000f\000r\000a\000s\000t\000r\000u\000k\000t\000u\000r\000a\000\040\000e\000w\000a\000l\000u\000a\000c\000y\000j\000n\000a}{chapter.4}% 86
\BOOKMARK [2][-]{subsection.4.8.1}{\376\377\000U\000r\000u\000c\000h\000a\000m\000i\000a\000n\000i\000e\000\040\000a\000r\000c\000h\000i\000t\000e\000k\000t\000u\000r}{section.4.8}% 87
\BOOKMARK [2][-]{subsection.4.8.2}{\376\377\000O\000c\000e\000n\000a\000\040\000o\000d\000p\000o\000w\000i\000e\000d\000z\000i}{section.4.8}% 88
\BOOKMARK [2][-]{subsection.4.8.3}{\376\377\001\132\000l\000e\000d\000z\000e\000n\000i\000e\000\040\000p\000r\000z\000e\000b\000i\000e\000g\000\363\000w}{section.4.8}% 89
\BOOKMARK [1][-]{section.4.9}{\376\377\000W\000y\000b\000r\000a\000n\000e\000\040\000z\000a\000g\000a\000d\000n\000i\000e\000n\000i\000a\000\040\000i\000n\001\174\000y\000n\000i\000e\000r\000y\000j\000n\000e}{chapter.4}% 90
\BOOKMARK [2][-]{subsection.4.9.1}{\376\377\000Z\000a\000r\000z\001\005\000d\000z\000a\000n\000i\000e\000\040\000r\000o\000z\000m\000i\000a\000r\000e\000m\000\040\000o\000k\000n\000a\000\040\000k\000o\000n\000t\000e\000k\000s\000t\000o\000w\000e\000g\000o}{section.4.9}% 91
\BOOKMARK [2][-]{subsection.4.9.2}{\376\377\000A\000g\000r\000e\000g\000a\000c\000j\000a\000\040\000m\000e\000t\000a\000d\000a\000n\000y\000c\000h\000\040\000w\000y\000k\000o\000n\000a\000n\000i\000a}{section.4.9}% 92
\BOOKMARK [2][-]{subsection.4.9.3}{\376\377\000O\000b\000s\001\102\000u\000g\000a\000\040\000n\000i\000e\000p\000o\000p\000r\000a\000w\000n\000y\000c\000h\000\040\000w\000y\000j\001\133\001\007\000\040\000m\000o\000d\000e\000l\000i}{section.4.9}% 93
\BOOKMARK [2][-]{subsection.4.9.4}{\376\377\000S\000t\000r\000a\000t\000e\000g\000i\000a\000\040\000w\000i\000e\000l\000o\000j\001\031\000z\000y\000c\000z\000n\000y\000c\000h\000\040\000p\000r\000o\000m\000p\000t\000\363\000w}{section.4.9}% 94
\BOOKMARK [2][-]{subsection.4.9.5}{\376\377\000S\000t\000a\000b\000i\000l\000n\000o\001\133\001\007\000\040\000i\000d\000e\000n\000t\000y\000f\000i\000k\000a\000t\000o\000r\000\363\000w\000\040\000f\000r\000a\000g\000m\000e\000n\000t\000\363\000w}{section.4.9}% 95
\BOOKMARK [2][-]{subsection.4.9.6}{\376\377\000I\000z\000o\000l\000a\000c\000j\000a\000\040\000w\000a\000r\000s\000t\000w\000y\000\040\000e\000w\000a\000l\000u\000a\000c\000y\000j\000n\000e\000j}{section.4.9}% 96
\BOOKMARK [0][-]{chapter.5}{\376\377\000E\000k\000s\000p\000e\000r\000y\000m\000e\000n\000t\000\040\000i\000\040\000w\000y\000n\000i\000k\000i}{}% 97
\BOOKMARK [1][-]{section.5.1}{\376\377\000P\000r\000z\000e\000b\000i\000e\000g\000\040\000w\000y\000k\000o\000n\000a\000n\000i\000a}{chapter.5}% 98
\BOOKMARK [2][-]{subsection.5.1.1}{\376\377\000C\000z\000a\000s\000\040\000t\000r\000w\000a\000n\000i\000a}{section.5.1}% 99
\BOOKMARK [2][-]{subsection.5.1.2}{\376\377\000K\000o\000m\000p\000l\000e\000t\000n\000o\001\133\001\007\000\040\000i\000\040\000b\001\102\001\031\000d\000y\000\040\000w\000y\000k\000o\000n\000a\000n\000i\000a}{section.5.1}% 100
\BOOKMARK [2][-]{subsection.5.1.3}{\376\377\000A\000r\000t\000e\000f\000a\000k\000t\000y\000\040\000w\000y\000n\000i\000k\000o\000w\000e}{section.5.1}% 101
\BOOKMARK [1][-]{section.5.2}{\376\377\000W\000y\000n\000i\000k\000i\000\040\000o\000p\000e\000r\000a\000c\000y\000j\000n\000e}{chapter.5}% 102
\BOOKMARK [2][-]{subsection.5.2.1}{\376\377\000Z\000u\001\174\000y\000c\000i\000e\000\040\000t\000o\000k\000e\000n\000\363\000w\000\040\000i\000\040\000k\000o\000s\000z\000t}{section.5.2}% 103
\BOOKMARK [2][-]{subsection.5.2.2}{\376\377\000W\000y\000w\000o\001\102\000a\000n\000i\000a\000\040\000n\000a\000r\000z\001\031\000d\000z\000i\000\040\000i\000\040\000i\000t\000e\000r\000a\000c\000j\000e}{section.5.2}% 104
\BOOKMARK [2][-]{subsection.5.2.3}{\376\377\000F\000r\000a\000g\000m\000e\000n\000t\000y\000\040\000z\000\040\000w\000y\000s\000z\000u\000k\000i\000w\000a\000n\000i\000a\000\040\000i\000\040\000c\000y\000t\000o\000w\000a\000n\000i\000a}{section.5.2}% 105
\BOOKMARK [1][-]{section.5.3}{\376\377\000W\000y\000n\000i\000k\000i\000\040\000j\000a\000k\000o\001\133\000c\000i\000o\000w\000e}{chapter.5}% 106
\BOOKMARK [2][-]{subsection.5.3.1}{\376\377\000W\000i\000e\000r\000n\000o\001\133\001\007}{section.5.3}% 107
\BOOKMARK [2][-]{subsection.5.3.2}{\376\377\000P\000o\000p\000r\000a\000w\000n\000o\001\133\001\007}{section.5.3}% 108
\BOOKMARK [2][-]{subsection.5.3.3}{\376\377\000Z\000w\000i\001\031\000z\001\102\000o\001\133\001\007}{section.5.3}% 109
\BOOKMARK [2][-]{subsection.5.3.4}{\376\377\000T\000r\000a\000f\000n\000o\001\133\001\007\000\040\000d\000o\000k\000u\000m\000e\000n\000t\000\363\000w}{section.5.3}% 110
\BOOKMARK [1][-]{section.5.4}{\376\377\000P\000a\000r\000a\000m\000e\000t\000r\000y\000\040\000k\000o\000n\000f\000i\000g\000u\000r\000a\000c\000y\000j\000n\000e\000\040\000e\000k\000s\000p\000e\000r\000y\000m\000e\000n\000t\000u}{chapter.5}% 111
\BOOKMARK [2][-]{subsection.5.4.1}{\376\377\000P\000a\000r\000a\000m\000e\000t\000r\000y\000\040\000m\000o\000d\000e\000l\000i\000\040\000j\001\031\000z\000y\000k\000o\000w\000y\000c\000h}{section.5.4}% 112
\BOOKMARK [2][-]{subsection.5.4.2}{\376\377\000P\000a\000r\000a\000m\000e\000t\000r\000y\000\040\000w\000y\000s\000z\000u\000k\000i\000w\000a\000n\000i\000a}{section.5.4}% 113
\BOOKMARK [2][-]{subsection.5.4.3}{\376\377\000P\000a\000r\000a\000m\000e\000t\000r\000y\000\040\000f\000r\000a\000g\000m\000e\000n\000t\000a\000c\000j\000i}{section.5.4}% 114
\BOOKMARK [2][-]{subsection.5.4.4}{\376\377\000P\000a\000r\000a\000m\000e\000t\000r\000y\000\040\000a\000r\000c\000h\000i\000t\000e\000k\000t\000u\000r}{section.5.4}% 115
\BOOKMARK [2][-]{subsection.5.4.5}{\376\377\000P\000a\000r\000a\000m\000e\000t\000r\000y\000\040\000w\000y\000k\000o\000n\000a\000n\000i\000a}{section.5.4}% 116
\BOOKMARK [0][-]{chapter.6}{\376\377\000W\000n\000i\000o\000s\000k\000i\000\040\000i\000\040\000z\000a\000k\000o\001\104\000c\000z\000e\000n\000i\000e}{}% 117
\BOOKMARK [1][-]{section.6.1}{\376\377\000W\000n\000i\000o\000s\000k\000i\000\040\000i\000l\000o\001\133\000c\000i\000o\000w\000e}{chapter.6}% 118
\BOOKMARK [2][-]{subsection.6.1.1}{\376\377\000W\000i\000e\000r\000n\000o\001\133\001\007}{section.6.1}% 119
\BOOKMARK [2][-]{subsection.6.1.2}{\376\377\000P\000o\000p\000r\000a\000w\000n\000o\001\133\001\007}{section.6.1}% 120
\BOOKMARK [2][-]{subsection.6.1.3}{\376\377\000Z\000w\000i\001\031\000z\001\102\000o\001\133\001\007}{section.6.1}% 121
\BOOKMARK [2][-]{subsection.6.1.4}{\376\377\000T\000r\000a\000f\000n\000o\001\133\001\007\000\040\000d\000o\000k\000u\000m\000e\000n\000t\000\363\000w}{section.6.1}% 122
\BOOKMARK [2][-]{subsection.6.1.5}{\376\377\000K\000o\000s\000z\000t\000y\000\040\000o\000p\000e\000r\000a\000c\000y\000j\000n\000e}{section.6.1}% 123
\BOOKMARK [1][-]{section.6.2}{\376\377\000W\000n\000i\000o\000s\000k\000i\000\040\000j\000a\000k\000o\001\133\000c\000i\000o\000w\000e}{chapter.6}% 124
\BOOKMARK [2][-]{subsection.6.2.1}{\376\377\000C\000h\000a\000r\000a\000k\000t\000e\000r\000y\000s\000t\000y\000k\000a\000\040\000n\000i\000e\000p\000o\000w\000o\000d\000z\000e\001\104}{section.6.2}% 125
\BOOKMARK [2][-]{subsection.6.2.2}{\376\377\000S\000y\000s\000t\000e\000m\000a\000t\000y\000c\000z\000n\000e\000\040\000p\000o\000m\000i\000j\000a\000n\000i\000e\000\040\000k\000l\000a\000u\000z\000u\000l\000\040\000w\000y\001\102\001\005\000c\000z\000e\001\104}{section.6.2}% 126
\BOOKMARK [2][-]{subsection.6.2.3}{\376\377\000N\000i\000e\000d\000o\000b\000\363\000r\000\040\000k\000o\000n\000t\000e\000k\000s\000t\000u\000\040\000d\000e\000f\000i\000n\000i\000c\000y\000j\000n\000e\000g\000o}{section.6.2}% 127
\BOOKMARK [2][-]{subsection.6.2.4}{\376\377\000B\000e\000z\000w\000a\000r\000u\000n\000k\000o\000w\000a\000\040\000d\000e\000k\000o\000m\000p\000o\000z\000y\000c\000j\000a\000\040\000w\000\040\000a\000r\000c\000h\000i\000t\000e\000k\000t\000u\000r\000z\000e\000\040\000h\000i\000e\000r\000a\000r\000c\000h\000i\000c\000z\000n\000e\000j}{section.6.2}% 128
\BOOKMARK [2][-]{subsection.6.2.5}{\376\377\000R\000o\000z\000s\000z\000e\000r\000z\000a\000n\000i\000e\000\040\000z\000a\000k\000r\000e\000s\000u\000\040\000w\000y\000s\000z\000u\000k\000i\000w\000a\000n\000i\000a\000\040\000w\000\040\000a\000r\000c\000h\000i\000t\000e\000k\000t\000u\000r\000z\000e\000\040\000R\000e\000A\000c\000t}{section.6.2}% 129
\BOOKMARK [2][-]{subsection.6.2.6}{\376\377\000N\000i\000e\000s\000p\000\363\000j\000n\000o\001\133\001\007\000\040\000a\000u\000t\000o\000r\000y\000t\000e\000t\000u\000\040\000m\000i\001\031\000d\000z\000y\000\040\000O\000W\000U\000\040\000a\000\040\000I\000P\000I\000D}{section.6.2}% 130
\BOOKMARK [2][-]{subsection.6.2.7}{\376\377\000S\000a\000m\000o\000k\000o\000r\000e\000k\000t\000a\000\040\000w\000\040\000a\000r\000c\000h\000i\000t\000e\000k\000t\000u\000r\000z\000e\000\040\000t\000a\000b\000l\000i\000c\000o\000w\000e\000j}{section.6.2}% 131
\BOOKMARK [1][-]{section.6.3}{\376\377\000R\000o\000z\000s\000t\000r\000z\000y\000g\000n\000i\001\031\000c\000i\000e\000\040\000p\000r\000o\000b\000l\000e\000m\000u\000\040\000b\000a\000d\000a\000w\000c\000z\000e\000g\000o\000\040\000i\000\040\000r\000e\000a\000l\000i\000z\000a\000c\000j\000a\000\040\000c\000e\000l\000\363\000w}{chapter.6}% 132
\BOOKMARK [2][-]{subsection.6.3.1}{\376\377\000R\000o\000z\000s\000t\000r\000z\000y\000g\000n\000i\001\031\000c\000i\000e\000\040\000g\001\102\000\363\000w\000n\000e\000g\000o\000\040\000p\000r\000o\000b\000l\000e\000m\000u\000\040\000b\000a\000d\000a\000w\000c\000z\000e\000g\000o}{section.6.3}% 133
\BOOKMARK [2][-]{subsection.6.3.2}{\376\377\000W\000p\001\102\000y\000w\000\040\000t\000o\000p\000o\000l\000o\000g\000i\000i\000\040\000n\000a\000\040\000j\000a\000k\000o\001\133\001\007\000\040\000o\000d\000p\000o\000w\000i\000e\000d\000z\000i}{section.6.3}% 134
\BOOKMARK [2][-]{subsection.6.3.3}{\376\377\000K\000o\000m\000p\000r\000o\000m\000i\000s\000\040\000m\000i\001\031\000d\000z\000y\000\040\000j\000a\000k\000o\001\133\000c\000i\001\005\000\040\000a\000\040\000k\000o\000s\000z\000t\000e\000m}{section.6.3}% 135
\BOOKMARK [2][-]{subsection.6.3.4}{\376\377\000W\000p\001\102\000y\000w\000\040\000p\000l\000a\000n\000o\000w\000a\000n\000i\000a\000,\000\040\000t\000r\000a\000s\000o\000w\000a\000n\000i\000a\000\040\000i\000\040\000d\000e\000k\000o\000m\000p\000o\000z\000y\000c\000j\000i}{section.6.3}% 136
\BOOKMARK [2][-]{subsection.6.3.5}{\376\377\000W\000z\000o\000r\000c\000e\000\040\000n\000i\000e\000p\000o\000w\000o\000d\000z\000e\001\104}{section.6.3}% 137
\BOOKMARK [2][-]{subsection.6.3.6}{\376\377\000O\000d\000p\000o\000w\000i\000e\000d\000z\000i\000\040\000n\000a\000\040\000p\000y\000t\000a\000n\000i\000a\000\040\000b\000a\000d\000a\000w\000c\000z\000e}{section.6.3}% 138
\BOOKMARK [2][-]{subsection.6.3.7}{\376\377\000R\000e\000a\000l\000i\000z\000a\000c\000j\000a\000\040\000c\000e\000l\000\363\000w\000\040\000b\000a\000d\000a\000w\000c\000z\000y\000c\000h}{section.6.3}% 139
\BOOKMARK [1][-]{section.6.4}{\376\377\000K\000i\000e\000r\000u\000n\000k\000i\000\040\000d\000a\000l\000s\000z\000y\000c\000h\000\040\000b\000a\000d\000a\001\104}{chapter.6}% 140
\BOOKMARK [1][-]{section.6.5}{\376\377\000R\000e\000k\000o\000m\000e\000n\000d\000a\000c\000j\000e\000\040\000d\000l\000a\000\040\000p\000r\000a\000k\000t\000y\000k\000\363\000w}{chapter.6}% 141
\BOOKMARK [1][-]{section.6.6}{\376\377\000Z\000a\000k\000o\001\104\000c\000z\000e\000n\000i\000e}{chapter.6}% 142
\BOOKMARK [0][-]{chapter*.63}{\376\377\000W\000y\000k\000a\000z\000\040\000t\000a\000b\000e\000l}{}% 143
\BOOKMARK [0][-]{chapter*.64}{\376\377\000W\000y\000k\000a\000z\000\040\000r\000y\000s\000u\000n\000k\000\363\000w}{}% 144
\BOOKMARK [0][-]{chapter*.65}{\376\377\000W\000y\000k\000a\000z\000\040\000w\000y\000k\000r\000e\000s\000\363\000w}{}% 145
\BOOKMARK [0][-]{chapter*.66}{\376\377\000B\000i\000b\000l\000i\000o\000g\000r\000a\000f\000i\000a}{}% 146
\BOOKMARK [0][-]{appendix.A}{\376\377\000P\000r\000o\000m\000p\000t\000y\000\040\000s\000y\000s\000t\000e\000m\000u}{}% 147
\BOOKMARK [0][-]{appendix.B}{\376\377\000D\000i\000a\000g\000r\000a\000m\000y\000\040\000a\000r\000c\000h\000i\000t\000e\000k\000t\000u\000r\000\040\000a\000g\000e\000n\000t\000o\000w\000y\000c\000h}{}% 148
